togglebutton-library/build/outputs/logs/manifest-merger-debug-report.txt
-- Merging decision tree log ---
manifest
ADDED from Mirrore\togglebutton-library\AndroidManifest.xml:1:1-10:12
INJECTED from Mirrore\togglebutton-library\AndroidManifest.xml:1:1-10:12
INJECTED from Mirrore\togglebutton-library\AndroidManifest.xml:1:1-10:12
INJECTED from Mirrore\togglebutton-library\AndroidManifest.xml:1:1-10:12
INJECTED from Mirrore\togglebutton-library\AndroidManifest.xml:1:1-10:12
INJECTED from Mirrore\togglebutton-library\AndroidManifest.xml:1:1-10:12
INJECTED from Mirrore\togglebutton-library\AndroidManifest.xml:1:1-10:12
	package
		ADDED from Mirrore\togglebutton-library\AndroidManifest.xml:2:5-35
		INJECTED from Mirrore\togglebutton-library\AndroidManifest.xml
		INJECTED from Mirrore\togglebutton-library\AndroidManifest.xml
	android:versionName
		ADDED from Mirrore\togglebutton-library\AndroidManifest.xml:4:5-30
		INJECTED from Mirrore\togglebutton-library\AndroidManifest.xml
		INJECTED from Mirrore\togglebutton-library\AndroidManifest.xml
	xmlns:android
		ADDED from Mirrore\togglebutton-library\AndroidManifest.xml:1:11-69
	android:versionCode
		ADDED from Mirrore\togglebutton-library\AndroidManifest.xml:3:5-28
		INJECTED from Mirrore\togglebutton-library\AndroidManifest.xml
		INJECTED from Mirrore\togglebutton-library\AndroidManifest.xml
uses-sdk
ADDED from Mirrore\togglebutton-library\AndroidManifest.xml:6:5-8:41
INJECTED from Mirrore\togglebutton-library\AndroidManifest.xml:6:5-8:41
INJECTED from Mirrore\togglebutton-library\AndroidManifest.xml:6:5-8:41
INJECTED from Mirrore\togglebutton-library\AndroidManifest.xml:6:5-8:41
INJECTED from Mirrore\togglebutton-library\AndroidManifest.xml:6:5-8:41
	android:targetSdkVersion
		ADDED from Mirrore\togglebutton-library\AndroidManifest.xml:8:9-38
		INJECTED from Mirrore\togglebutton-library\AndroidManifest.xml
		INJECTED from Mirrore\togglebutton-library\AndroidManifest.xml
	android:minSdkVersion
		ADDED from Mirrore\togglebutton-library\AndroidManifest.xml:7:9-35
		INJECTED from Mirrore\togglebutton-library\AndroidManifest.xml
		INJECTED from Mirrore\togglebutton-library\AndroidManifest.xml